<?xml version="1.0" encoding="UTF-8"?>
<!-- Generated by org.testng.reporters.JUnitReportReporter -->
<testsuite hostname="LAPTOP-GTU6IJKS" failures="0" tests="3" name="com.heroku.HerokuApp" time="8.490" errors="0" timestamp="2021-11-10T11:12:22 IST" skipped="0">
  <testcase classname="com.heroku.HerokuApp" name="getAccessToken_POST" time="5.721"/>
  <system-out/>
  <testcase classname="com.heroku.HerokuApp" name="createBooking_POST" time="1.387"/>
  <system-out/>
  <testcase classname="com.heroku.HerokuApp" name="GetBooking_GET" time="1.382"/>
  <system-out/>
</testsuite> <!-- com.heroku.HerokuApp -->
